<?xml version="1.0" encoding="UTF-8"?>
<!-- Generated by org.testng.reporters.JUnitXMLReporter -->
<testsuite hostname="DESKTOP-T7GAKR6" ignored="0" name="Default test" tests="6" failures="0" timestamp="17 лип. 2017 09:49:11 GMT" time="38.664" errors="0">
  <testcase name="login" time="4.745" classname="com.epam.lab.pageob.GmailTest"/>
  <testcase name="markMessagesToImportant" time="15.017" classname="com.epam.lab.pageob.GmailTest"/>
  <testcase name="chekIfMessagesWhereMarkedImportant" time="4.461" classname="com.epam.lab.pageob.GmailTest"/>
  <testcase name="markRecentlyAdedToImportant" time="1.807" classname="com.epam.lab.pageob.GmailTest"/>
  <testcase name="deleteMarcked" time="0.265" classname="com.epam.lab.pageob.GmailTest"/>
  <testcase name="chekIfDeleted" time="5.239" classname="com.epam.lab.pageob.GmailTest"/>
</testsuite> <!-- Default test -->
