<?xml version="1.0" encoding="UTF-8"?>
<testng-results skipped="0" failed="0" ignored="0" total="1" passed="1">
  <reporter-output>
  </reporter-output>
  <suite name="Default suite" duration-ms="32601" started-at="2017-07-21T09:27:51Z" finished-at="2017-07-21T09:28:24Z">
    <groups>
    </groups>
    <test name="Default test" duration-ms="32601" started-at="2017-07-21T09:27:51Z" finished-at="2017-07-21T09:28:24Z">
      <class name="com.epam.lab.gmail.GmailTest">
        <test-method status="PASS" signature="setUp()[pri:0, instance:com.epam.lab.gmail.GmailTest@13a5fe33]" name="setUp" is-config="true" duration-ms="20" started-at="2017-07-21T12:27:51Z" finished-at="2017-07-21T12:27:51Z">
          <reporter-output>
          </reporter-output>
        </test-method> <!-- setUp -->
        <test-method status="PASS" signature="markMessagesToImportantAndDelete()[pri:0, instance:com.epam.lab.gmail.GmailTest@13a5fe33]" name="markMessagesToImportantAndDelete" duration-ms="30667" started-at="2017-07-21T12:27:51Z" finished-at="2017-07-21T12:28:22Z">
          <reporter-output>
          </reporter-output>
        </test-method> <!-- markMessagesToImportantAndDelete -->
        <test-method status="PASS" signature="close()[pri:0, instance:com.epam.lab.gmail.GmailTest@13a5fe33]" name="close" is-config="true" duration-ms="1893" started-at="2017-07-21T12:28:22Z" finished-at="2017-07-21T12:28:24Z">
          <reporter-output>
          </reporter-output>
        </test-method> <!-- close -->
      </class> <!-- com.epam.lab.gmail.GmailTest -->
    </test> <!-- Default test -->
  </suite> <!-- Default suite -->
</testng-results>
